INT_VAL '5' 2:1
VAR 'var' 3:1
ID 'x' 3:5
ASSIGN ':=' 3:6
DOUBLE_VAL '5.0' 3:8
SET 'set' 4:1
ID 'x' 4:5
ASSIGN ':=' 4:6
INT_VAL '0' 4:8
ID 'print' 5:1
LPAREN '(' 5:6
STRING_VAL 'Hello World!\n' 5:7
RPAREN ')' 5:23
IF 'if' 6:1
LPAREN '(' 6:3
ID 'x' 6:4
LESS_THAN_EQUAL '<=' 6:5
INT_VAL '5' 6:7
OR 'or' 6:9
ID 'y' 6:12
GREATER_THAN_EQUAL '>=' 6:13
INT_VAL '6' 6:15
RPAREN ')' 6:16
AND 'and' 6:17
LPAREN '(' 6:20
NOT 'not' 6:21
LPAREN '(' 6:24
ID 'x' 6:25
NOT_EQUAL '!=' 6:26
INT_VAL '6' 6:28
RPAREN ')' 6:29
RPAREN ')' 6:30
THEN 'then' 6:31
ID 'print' 6:36
LPAREN '(' 6:41
ID 'itos' 6:42
LPAREN '(' 6:46
ID 'x' 6:47
RPAREN ')' 6:48
PLUS '+' 6:49
STRING_VAL '\n' 6:50
RPAREN ')' 6:54
END 'end' 6:55
VAR 'var' 7:1
ID 'y' 7:5
ASSIGN ':=' 7:6
LPAREN '(' 7:8
INT_VAL '5' 7:9
PLUS '+' 7:10
LPAREN '(' 7:12
INT_VAL '3' 7:14
PLUS '+' 7:16
INT_VAL '2' 7:18
RPAREN ')' 7:20
MINUS '-' 7:22
LPAREN '(' 7:24
INT_VAL '4' 7:25
MULTIPLY '*' 7:26
INT_VAL '2' 7:27
RPAREN ')' 7:28
DIVIDE '/' 7:29
LPAREN '(' 7:30
INT_VAL '1' 7:31
RPAREN ')' 7:32
MODULO '%' 7:34
INT_VAL '1' 7:36
RPAREN ')' 7:37
EOS '' 8:0
